<?xml version="1.0" encoding="UTF-8"?>
<robot generator="Robot 4.1.1 (Python 3.9.7 on win32)" generated="20210928 17:57:24.488" rpa="false" schemaversion="2">
<suite id="s1" name="Ultimate" source="C:\Users\Cliente\Desktop\Testing\Aula21\Exercicio\Ultimate.robot">
<test id="s1-t1" name="Teste 07">
<kw name="Abrir o site ultimateqa" library="Ultimate" type="SETUP">
<kw name="Open Browser" library="SeleniumLibrary">
<arg>${SITE}</arg>
<arg>${NAVEGADOR}</arg>
<doc>Opens a new browser instance to the optional ``url``.</doc>
<msg timestamp="20210928 17:57:24.671" level="INFO">Opening browser 'chrome' to base url 'https://ultimateqa.com/simple-html-elements-for-automation/'.</msg>
<status status="PASS" starttime="20210928 17:57:24.670" endtime="20210928 17:57:27.687"/>
</kw>
<kw name="Maximize Browser Window" library="SeleniumLibrary">
<doc>Maximizes current browser window.</doc>
<status status="PASS" starttime="20210928 17:57:27.687" endtime="20210928 17:57:27.804"/>
</kw>
<status status="PASS" starttime="20210928 17:57:24.670" endtime="20210928 17:57:27.804"/>
</kw>
<kw name="Escolher opcao &quot;Audi&quot; no Dropdown" library="Ultimate">
<kw name="Select From List By Value" library="SeleniumLibrary">
<arg>${DROPDOWN}</arg>
<arg>audi</arg>
<doc>Selects options from selection list ``locator`` by ``values``.</doc>
<msg timestamp="20210928 17:57:27.805" level="INFO">Selecting options from selection list 'css=#post-909 &gt; div &gt; div.et-l.et-l--post &gt; div &gt; div.et_pb_section.et_pb_section_2.et_section_regular &gt; div &gt; div.et_pb_column.et_pb_column_1_3.et_pb_column_4.et_pb_css_mix_blend_mode_passthrough &gt; div.et_pb_module.et_pb_blurb.et_pb_blurb_8.et_pb_text_align_left.et_pb_blurb_position_top.et_pb_bg_layout_light &gt; div &gt; div &gt; div &gt; select' by value audi.</msg>
<status status="PASS" starttime="20210928 17:57:27.805" endtime="20210928 17:57:27.896"/>
</kw>
<status status="PASS" starttime="20210928 17:57:27.805" endtime="20210928 17:57:27.896"/>
</kw>
<kw name="Close Browser" library="SeleniumLibrary" type="TEARDOWN">
<doc>Closes the current browser.</doc>
<status status="PASS" starttime="20210928 17:57:27.897" endtime="20210928 17:57:30.029"/>
</kw>
<status status="PASS" starttime="20210928 17:57:24.669" endtime="20210928 17:57:30.029"/>
</test>
<status status="PASS" starttime="20210928 17:57:24.489" endtime="20210928 17:57:30.030"/>
</suite>
<statistics>
<total>
<stat pass="1" fail="0" skip="0">All Tests</stat>
</total>
<tag>
</tag>
<suite>
<stat pass="1" fail="0" skip="0" id="s1" name="Ultimate">Ultimate</stat>
</suite>
</statistics>
<errors>
</errors>
</robot>
