<?xml version="1.0" encoding="UTF-8"?>
<robot generator="Robot 4.1.1 (Python 3.9.7 on win32)" generated="20210928 17:14:08.878" rpa="false" schemaversion="2">
<suite id="s1" name="Teste" source="C:\Users\Cliente\Desktop\Testing\Aula21\revisão\Teste.robot">
<test id="s1-t1" name="[TESTE00 - Finalisando a compra com usuário comum]">
<kw name="Abrir o site da loja" library="Keywords" type="SETUP">
<kw name="Open Browser" library="SeleniumLibrary">
<arg>${URL}</arg>
<arg>${NAVEGADOR}</arg>
<doc>Opens a new browser instance to the optional ``url``.</doc>
<msg timestamp="20210928 17:14:09.046" level="INFO">Opening browser 'chrome' to base url 'http://saucedemo.com/'.</msg>
<status status="PASS" starttime="20210928 17:14:09.046" endtime="20210928 17:14:10.569"/>
</kw>
<kw name="Maximize Browser Window" library="SeleniumLibrary">
<doc>Maximizes current browser window.</doc>
<status status="PASS" starttime="20210928 17:14:10.569" endtime="20210928 17:14:10.698"/>
</kw>
<status status="PASS" starttime="20210928 17:14:09.046" endtime="20210928 17:14:10.698"/>
</kw>
<kw name="Fazer login no site da loja" library="Keywords">
<kw name="Wait Until Element Is Visible" library="SeleniumLibrary">
<arg>${LOGIN}</arg>
<arg>10</arg>
<doc>Waits until the element ``locator`` is visible.</doc>
<status status="PASS" starttime="20210928 17:14:10.699" endtime="20210928 17:14:10.722"/>
</kw>
<kw name="Input Text" library="SeleniumLibrary">
<arg>${LOGIN}</arg>
<arg>standard_user</arg>
<doc>Types the given ``text`` into the text field identified by ``locator``.</doc>
<msg timestamp="20210928 17:14:10.722" level="INFO">Typing text 'standard_user' into text field 'id=user-name'.</msg>
<status status="PASS" starttime="20210928 17:14:10.722" endtime="20210928 17:14:10.793"/>
</kw>
<kw name="Input Text" library="SeleniumLibrary">
<arg>${SENHA}</arg>
<arg>secret_sauce</arg>
<doc>Types the given ``text`` into the text field identified by ``locator``.</doc>
<msg timestamp="20210928 17:14:10.794" level="INFO">Typing text 'secret_sauce' into text field 'id=password'.</msg>
<status status="PASS" starttime="20210928 17:14:10.794" endtime="20210928 17:14:10.854"/>
</kw>
<kw name="Click Element" library="SeleniumLibrary">
<arg>${BOTAOLOGIN}</arg>
<doc>Click the element identified by ``locator``.</doc>
<msg timestamp="20210928 17:14:10.855" level="INFO">Clicking element 'id=login-button'.</msg>
<status status="PASS" starttime="20210928 17:14:10.854" endtime="20210928 17:14:10.918"/>
</kw>
<status status="PASS" starttime="20210928 17:14:10.698" endtime="20210928 17:14:10.918"/>
</kw>
<kw name="Abrir os detalhes do &quot;Sauce Labs Bolt T-Shirt&quot;" library="Keywords">
<kw name="Wait Until Element Is Visible" library="SeleniumLibrary">
<arg>${BOLT}</arg>
<arg>10</arg>
<doc>Waits until the element ``locator`` is visible.</doc>
<status status="PASS" starttime="20210928 17:14:10.919" endtime="20210928 17:14:10.946"/>
</kw>
<kw name="Click Element" library="SeleniumLibrary">
<arg>${BOLT}</arg>
<doc>Click the element identified by ``locator``.</doc>
<msg timestamp="20210928 17:14:10.947" level="INFO">Clicking element 'css=#item_1_title_link &gt; div'.</msg>
<status status="PASS" starttime="20210928 17:14:10.946" endtime="20210928 17:14:10.986"/>
</kw>
<status status="PASS" starttime="20210928 17:14:10.919" endtime="20210928 17:14:10.987"/>
</kw>
<kw name="Adcionar o produto &quot;Sauce Labs Bolt T-Shirt&quot; ao carrinho" library="Keywords">
<kw name="Click Element" library="SeleniumLibrary">
<arg>${ADICIONARBOLT}</arg>
<doc>Click the element identified by ``locator``.</doc>
<msg timestamp="20210928 17:14:10.988" level="INFO">Clicking element 'id=add-to-cart-sauce-labs-bolt-t-shirt'.</msg>
<status status="PASS" starttime="20210928 17:14:10.988" endtime="20210928 17:14:11.035"/>
</kw>
<status status="PASS" starttime="20210928 17:14:10.987" endtime="20210928 17:14:11.035"/>
</kw>
<kw name="Abrir o carrinho de compras" library="Keywords">
<kw name="Click Element" library="SeleniumLibrary">
<arg>${CARRINHO}</arg>
<doc>Click the element identified by ``locator``.</doc>
<msg timestamp="20210928 17:14:11.037" level="INFO">Clicking element 'css=#shopping_cart_container &gt; a'.</msg>
<status status="PASS" starttime="20210928 17:14:11.036" endtime="20210928 17:14:11.070"/>
</kw>
<status status="PASS" starttime="20210928 17:14:11.036" endtime="20210928 17:14:11.070"/>
</kw>
<kw name="Clicar em &quot;CHECKOUT&quot;" library="Keywords">
<kw name="Click Element" library="SeleniumLibrary">
<arg>${CHECKOUT}</arg>
<doc>Click the element identified by ``locator``.</doc>
<msg timestamp="20210928 17:14:11.071" level="INFO">Clicking element 'id=checkout'.</msg>
<status status="PASS" starttime="20210928 17:14:11.071" endtime="20210928 17:14:11.104"/>
</kw>
<status status="PASS" starttime="20210928 17:14:11.071" endtime="20210928 17:14:11.104"/>
</kw>
<kw name="Preencher as informações do cliente e clicar em continue" library="Keywords">
<kw name="Input Text" library="SeleniumLibrary">
<arg>${FIRSTNAME}</arg>
<arg>Nelson</arg>
<doc>Types the given ``text`` into the text field identified by ``locator``.</doc>
<msg timestamp="20210928 17:14:11.106" level="INFO">Typing text 'Nelson' into text field 'id=first-name'.</msg>
<status status="PASS" starttime="20210928 17:14:11.105" endtime="20210928 17:14:11.188"/>
</kw>
<kw name="Input Text" library="SeleniumLibrary">
<arg>${LASTNAME}</arg>
<arg>Kobayashi</arg>
<doc>Types the given ``text`` into the text field identified by ``locator``.</doc>
<msg timestamp="20210928 17:14:11.189" level="INFO">Typing text 'Kobayashi' into text field 'id=last-name'.</msg>
<status status="PASS" starttime="20210928 17:14:11.188" endtime="20210928 17:14:11.267"/>
</kw>
<kw name="Input Text" library="SeleniumLibrary">
<arg>${POSTALCODE}</arg>
<arg>00000</arg>
<doc>Types the given ``text`` into the text field identified by ``locator``.</doc>
<msg timestamp="20210928 17:14:11.267" level="INFO">Typing text '00000' into text field 'id=postal-code'.</msg>
<status status="PASS" starttime="20210928 17:14:11.267" endtime="20210928 17:14:11.327"/>
</kw>
<kw name="Click Element" library="SeleniumLibrary">
<arg>${CONTINUE}</arg>
<doc>Click the element identified by ``locator``.</doc>
<msg timestamp="20210928 17:14:11.328" level="INFO">Clicking element 'id=continue'.</msg>
<status status="PASS" starttime="20210928 17:14:11.327" endtime="20210928 17:14:11.367"/>
</kw>
<status status="PASS" starttime="20210928 17:14:11.105" endtime="20210928 17:14:11.368"/>
</kw>
<kw name="Confirmar se o valor final da compra é de $17.27 e clicar no botão Finish" library="Keywords">
<kw name="Element Should Contain" library="SeleniumLibrary">
<arg>${VALORFINAL}</arg>
<arg>$17.27</arg>
<doc>Verifies that element ``locator`` contains text ``expected``.</doc>
<msg timestamp="20210928 17:14:11.384" level="INFO">Element 'css=#checkout_summary_container &gt; div &gt; div.summary_info &gt; div.summary_total_label' contains text '$17.27'.</msg>
<status status="PASS" starttime="20210928 17:14:11.369" endtime="20210928 17:14:11.384"/>
</kw>
<kw name="Click Element" library="SeleniumLibrary">
<arg>${FINISH}</arg>
<doc>Click the element identified by ``locator``.</doc>
<msg timestamp="20210928 17:14:11.385" level="INFO">Clicking element 'id=finish'.</msg>
<status status="PASS" starttime="20210928 17:14:11.385" endtime="20210928 17:14:11.416"/>
</kw>
<status status="PASS" starttime="20210928 17:14:11.368" endtime="20210928 17:14:11.417"/>
</kw>
<kw name="Verificar se a frase &quot;THANK YOU FOR YOUR ORDER&quot; está sendo exibidas" library="Keywords">
<kw name="Element Should Contain" library="SeleniumLibrary">
<arg>${THAKYOU}</arg>
<arg>THANK YOU FOR YOUR ORDER</arg>
<doc>Verifies that element ``locator`` contains text ``expected``.</doc>
<msg timestamp="20210928 17:14:11.434" level="INFO">Element 'css=#checkout_complete_container &gt; h2' contains text 'THANK YOU FOR YOUR ORDER'.</msg>
<status status="PASS" starttime="20210928 17:14:11.418" endtime="20210928 17:14:11.435"/>
</kw>
<kw name="Capture Page Screenshot" library="SeleniumLibrary">
<doc>Takes a screenshot of the current page and embeds it into a log file.</doc>
<msg timestamp="20210928 17:14:11.565" level="INFO" html="true">&lt;/td&gt;&lt;/tr&gt;&lt;tr&gt;&lt;td colspan="3"&gt;&lt;a href="selenium-screenshot-1.png"&gt;&lt;img src="selenium-screenshot-1.png" width="800px"&gt;&lt;/a&gt;</msg>
<status status="PASS" starttime="20210928 17:14:11.435" endtime="20210928 17:14:11.565"/>
</kw>
<status status="PASS" starttime="20210928 17:14:11.418" endtime="20210928 17:14:11.565"/>
</kw>
<kw name="Close Browser" library="SeleniumLibrary" type="TEARDOWN">
<doc>Closes the current browser.</doc>
<status status="PASS" starttime="20210928 17:14:11.566" endtime="20210928 17:14:13.708"/>
</kw>
<status status="PASS" starttime="20210928 17:14:09.045" endtime="20210928 17:14:13.708"/>
</test>
<status status="PASS" starttime="20210928 17:14:08.880" endtime="20210928 17:14:13.710"/>
</suite>
<statistics>
<total>
<stat pass="1" fail="0" skip="0">All Tests</stat>
</total>
<tag>
</tag>
<suite>
<stat pass="1" fail="0" skip="0" id="s1" name="Teste">Teste</stat>
</suite>
</statistics>
<errors>
</errors>
</robot>
