<?xml version="1.0" encoding="UTF-8"?>
<robot generator="Robot 4.1.1 (Python 3.9.7 on win32)" generated="20210930 16:18:35.672" rpa="false" schemaversion="2">
<suite id="s1" name="Hurb" source="C:\Users\Cliente\Desktop\Testing\Prova - Testing\Hurb.robot">
<test id="s1-t1" name="Teste 01">
<kw name="Processo de reserva de pacote de viagens" library="Hurb" type="SETUP">
<kw name="Open Browser" library="SeleniumLibrary">
<arg>${SITE}</arg>
<arg>${NAVEGADOR}</arg>
<doc>Opens a new browser instance to the optional ``url``.</doc>
<msg timestamp="20210930 16:18:35.806" level="INFO">Opening browser 'chrome' to base url 'https://www.hurb.com/br'.</msg>
<status status="PASS" starttime="20210930 16:18:35.806" endtime="20210930 16:18:38.239"/>
</kw>
<kw name="Maximize Browser Window" library="SeleniumLibrary">
<doc>Maximizes current browser window.</doc>
<status status="PASS" starttime="20210930 16:18:38.239" endtime="20210930 16:18:38.361"/>
</kw>
<status status="PASS" starttime="20210930 16:18:35.806" endtime="20210930 16:18:38.361"/>
</kw>
<kw name="Clicar em &quot;Permitir todos os cookies&quot;" library="Hurb">
<kw name="Set Selenium Speed" library="SeleniumLibrary">
<arg>0.25</arg>
<doc>Sets the delay that is waited after each Selenium command.</doc>
<status status="PASS" starttime="20210930 16:18:38.362" endtime="20210930 16:18:38.363"/>
</kw>
<kw name="Click Element" library="SeleniumLibrary">
<arg>${COOKIE}</arg>
<doc>Click the element identified by ``locator``.</doc>
<msg timestamp="20210930 16:18:38.363" level="INFO">Clicking element 'id=CybotCookiebotDialogBodyLevelButtonLevelOptinAllowAll'.</msg>
<kw name="Capture Page Screenshot" library="SeleniumLibrary">
<doc>Takes a screenshot of the current page and embeds it into a log file.</doc>
<msg timestamp="20210930 16:18:39.396" level="INFO" html="true">&lt;/td&gt;&lt;/tr&gt;&lt;tr&gt;&lt;td colspan="3"&gt;&lt;a href="selenium-screenshot-42.png"&gt;&lt;img src="selenium-screenshot-42.png" width="800px"&gt;&lt;/a&gt;</msg>
<status status="PASS" starttime="20210930 16:18:38.637" endtime="20210930 16:18:39.396"/>
</kw>
<msg timestamp="20210930 16:18:39.398" level="FAIL">Element with locator 'id=CybotCookiebotDialogBodyLevelButtonLevelOptinAllowAll' not found.</msg>
<status status="FAIL" starttime="20210930 16:18:38.363" endtime="20210930 16:18:39.398"/>
</kw>
<status status="FAIL" starttime="20210930 16:18:38.362" endtime="20210930 16:18:39.398"/>
</kw>
<kw name="Selecionar a opção &quot;Pacotes&quot;" library="Hurb">
<status status="NOT RUN" starttime="20210930 16:18:39.398" endtime="20210930 16:18:39.398"/>
</kw>
<kw name="Buscar por alguma cidade turística (Ex: Buenos Aires, Florença, Orlando) e clicar em &quot;Pesquisar&quot;" library="Hurb">
<status status="NOT RUN" starttime="20210930 16:18:39.399" endtime="20210930 16:18:39.399"/>
</kw>
<kw name="Selecionar um pacote de viagem" library="Hurb">
<status status="NOT RUN" starttime="20210930 16:18:39.399" endtime="20210930 16:18:39.399"/>
</kw>
<kw name="Clicar em &quot;ESCOLHER OPÇÃO&quot;" library="Hurb">
<status status="NOT RUN" starttime="20210930 16:18:39.399" endtime="20210930 16:18:39.399"/>
</kw>
<kw name="Escolher uma opção de viagem e clicar em &quot;COMPRAR&quot;" library="Hurb">
<status status="NOT RUN" starttime="20210930 16:18:39.399" endtime="20210930 16:18:39.399"/>
</kw>
<kw name="Validar as informações da &quot;Configuração&quot; da viagem" library="Hurb">
<status status="NOT RUN" starttime="20210930 16:18:39.399" endtime="20210930 16:18:39.399"/>
</kw>
<kw name="Validar as informações do período da viagem" library="Hurb">
<status status="NOT RUN" starttime="20210930 16:18:39.400" endtime="20210930 16:18:39.400"/>
</kw>
<kw name="Selecionar a opção &quot;Boleto parcelado&quot;" library="Hurb">
<status status="NOT RUN" starttime="20210930 16:18:39.400" endtime="20210930 16:18:39.400"/>
</kw>
<kw name="Preencher os dados de pagamento" library="Hurb">
<status status="NOT RUN" starttime="20210930 16:18:39.400" endtime="20210930 16:18:39.400"/>
</kw>
<kw name="Marcar o checkbox &quot;Li e aceito as condições de termos de uso e política de privacidade&quot;" library="Hurb">
<status status="NOT RUN" starttime="20210930 16:18:39.400" endtime="20210930 16:18:39.400"/>
</kw>
<kw name="Validar a informação sobre cancelamento grátis" library="Hurb">
<status status="NOT RUN" starttime="20210930 16:18:39.400" endtime="20210930 16:18:39.400"/>
</kw>
<kw name="Close Browser" library="SeleniumLibrary" type="TEARDOWN">
<doc>Closes the current browser.</doc>
<status status="PASS" starttime="20210930 16:18:39.401" endtime="20210930 16:18:41.703"/>
</kw>
<status status="FAIL" starttime="20210930 16:18:35.805" endtime="20210930 16:18:41.703">Element with locator 'id=CybotCookiebotDialogBodyLevelButtonLevelOptinAllowAll' not found.</status>
</test>
<status status="FAIL" starttime="20210930 16:18:35.673" endtime="20210930 16:18:41.704"/>
</suite>
<statistics>
<total>
<stat pass="0" fail="1" skip="0">All Tests</stat>
</total>
<tag>
</tag>
<suite>
<stat pass="0" fail="1" skip="0" id="s1" name="Hurb">Hurb</stat>
</suite>
</statistics>
<errors>
</errors>
</robot>
