<?xml version="1.0" encoding="UTF-8"?>
<robot generator="Robot 4.1.1 (Python 3.9.7 on win32)" generated="20210928 16:44:27.847" rpa="false" schemaversion="2">
<suite id="s1" name="Teste" source="C:\Users\Cliente\Desktop\Testing\Aula21\Teste.robot">
<test id="s1-t1" name="[TESTE00 - Finalisando a compra com usuário comum]">
<kw name="Abrir o site da loja" type="SETUP">
<kw name="Open Browser" library="SeleniumLibrary">
<arg>${URL}</arg>
<arg>${NAVEGADOR}</arg>
<doc>Opens a new browser instance to the optional ``url``.</doc>
<msg timestamp="20210928 16:44:27.987" level="INFO">Opening browser 'chrome' to base url 'http://saucedemo.com/'.</msg>
<status status="PASS" starttime="20210928 16:44:27.987" endtime="20210928 16:44:29.534"/>
</kw>
<kw name="Maximize Browser Window" library="SeleniumLibrary">
<doc>Maximizes current browser window.</doc>
<status status="PASS" starttime="20210928 16:44:29.534" endtime="20210928 16:44:29.669"/>
</kw>
<status status="PASS" starttime="20210928 16:44:27.987" endtime="20210928 16:44:29.669"/>
</kw>
<kw name="Fazer login no site da loja">
<kw name="Wait Until Element Is Visible" library="SeleniumLibrary">
<arg>${LOGIN}</arg>
<arg>10</arg>
<doc>Waits until the element ``locator`` is visible.</doc>
<status status="PASS" starttime="20210928 16:44:29.671" endtime="20210928 16:44:29.707"/>
</kw>
<kw name="Input Text" library="SeleniumLibrary">
<arg>${LOGIN}</arg>
<arg>standard_user</arg>
<doc>Types the given ``text`` into the text field identified by ``locator``.</doc>
<msg timestamp="20210928 16:44:29.707" level="INFO">Typing text 'standard_user' into text field 'id=user-name'.</msg>
<status status="PASS" starttime="20210928 16:44:29.707" endtime="20210928 16:44:29.767"/>
</kw>
<kw name="Input Text" library="SeleniumLibrary">
<arg>${SENHA}</arg>
<arg>secret_sauce</arg>
<doc>Types the given ``text`` into the text field identified by ``locator``.</doc>
<msg timestamp="20210928 16:44:29.767" level="INFO">Typing text 'secret_sauce' into text field 'id=password'.</msg>
<status status="PASS" starttime="20210928 16:44:29.767" endtime="20210928 16:44:29.825"/>
</kw>
<kw name="Click Element" library="SeleniumLibrary">
<arg>${BOTAOLOGIN}</arg>
<doc>Click the element identified by ``locator``.</doc>
<msg timestamp="20210928 16:44:29.825" level="INFO">Clicking element 'id=login-button'.</msg>
<status status="PASS" starttime="20210928 16:44:29.825" endtime="20210928 16:44:29.894"/>
</kw>
<status status="PASS" starttime="20210928 16:44:29.670" endtime="20210928 16:44:29.894"/>
</kw>
<kw name="Abrir os detalhes do &quot;Sauce Labs Bolt T-Shirt&quot;">
<kw name="Wait Until Element Is Visible" library="SeleniumLibrary">
<arg>${BOLT}</arg>
<arg>10</arg>
<doc>Waits until the element ``locator`` is visible.</doc>
<status status="PASS" starttime="20210928 16:44:29.895" endtime="20210928 16:44:29.915"/>
</kw>
<kw name="Click Element" library="SeleniumLibrary">
<arg>${BOLT}</arg>
<doc>Click the element identified by ``locator``.</doc>
<msg timestamp="20210928 16:44:29.915" level="INFO">Clicking element 'css=#item_1_title_link &gt; div'.</msg>
<status status="PASS" starttime="20210928 16:44:29.915" endtime="20210928 16:44:29.958"/>
</kw>
<status status="PASS" starttime="20210928 16:44:29.895" endtime="20210928 16:44:29.958"/>
</kw>
<kw name="Adcionar o produto &quot;Sauce Labs Bolt T-Shirt&quot; ao carrinho">
<kw name="Click Element" library="SeleniumLibrary">
<arg>${ADICIONARBOLT}</arg>
<doc>Click the element identified by ``locator``.</doc>
<msg timestamp="20210928 16:44:29.961" level="INFO">Clicking element 'id=add-to-cart-sauce-labs-bolt-t-shirt'.</msg>
<status status="PASS" starttime="20210928 16:44:29.960" endtime="20210928 16:44:30.001"/>
</kw>
<status status="PASS" starttime="20210928 16:44:29.959" endtime="20210928 16:44:30.001"/>
</kw>
<kw name="Abrir o carrinho de compras">
<kw name="Click Element" library="SeleniumLibrary">
<arg>${CARRINHO}</arg>
<doc>Click the element identified by ``locator``.</doc>
<msg timestamp="20210928 16:44:30.002" level="INFO">Clicking element 'css=#shopping_cart_container &gt; a'.</msg>
<status status="PASS" starttime="20210928 16:44:30.002" endtime="20210928 16:44:30.040"/>
</kw>
<status status="PASS" starttime="20210928 16:44:30.002" endtime="20210928 16:44:30.040"/>
</kw>
<kw name="Clicar em &quot;CHECKOUT&quot;">
<kw name="Click Element" library="SeleniumLibrary">
<arg>${CHECKOUT}</arg>
<doc>Click the element identified by ``locator``.</doc>
<msg timestamp="20210928 16:44:30.042" level="INFO">Clicking element 'id=checkout'.</msg>
<status status="PASS" starttime="20210928 16:44:30.041" endtime="20210928 16:44:30.089"/>
</kw>
<status status="PASS" starttime="20210928 16:44:30.041" endtime="20210928 16:44:30.089"/>
</kw>
<kw name="Preencher as informações do cliente e clicar em continue">
<kw name="Input Text" library="SeleniumLibrary">
<arg>${FIRSTNAME}</arg>
<arg>Nelson</arg>
<doc>Types the given ``text`` into the text field identified by ``locator``.</doc>
<msg timestamp="20210928 16:44:30.091" level="INFO">Typing text 'Nelson' into text field 'id=first-name'.</msg>
<status status="PASS" starttime="20210928 16:44:30.090" endtime="20210928 16:44:30.162"/>
</kw>
<kw name="Input Text" library="SeleniumLibrary">
<arg>${LASTNAME}</arg>
<arg>Kobayashi</arg>
<doc>Types the given ``text`` into the text field identified by ``locator``.</doc>
<msg timestamp="20210928 16:44:30.163" level="INFO">Typing text 'Kobayashi' into text field 'id=last-name'.</msg>
<status status="PASS" starttime="20210928 16:44:30.162" endtime="20210928 16:44:30.233"/>
</kw>
<kw name="Input Text" library="SeleniumLibrary">
<arg>${POSTALCODE}</arg>
<arg>00000</arg>
<doc>Types the given ``text`` into the text field identified by ``locator``.</doc>
<msg timestamp="20210928 16:44:30.233" level="INFO">Typing text '00000' into text field 'id=postal-code'.</msg>
<status status="PASS" starttime="20210928 16:44:30.233" endtime="20210928 16:44:30.316"/>
</kw>
<kw name="Click Element" library="SeleniumLibrary">
<arg>${CONTINUE}</arg>
<doc>Click the element identified by ``locator``.</doc>
<msg timestamp="20210928 16:44:30.316" level="INFO">Clicking element 'id=continue'.</msg>
<status status="PASS" starttime="20210928 16:44:30.316" endtime="20210928 16:44:30.368"/>
</kw>
<status status="PASS" starttime="20210928 16:44:30.090" endtime="20210928 16:44:30.369"/>
</kw>
<kw name="Confirmar se o valor final da compra é de $17.27 e clicar no botão Finish">
<kw name="Element Should Contain" library="SeleniumLibrary">
<arg>${VALORFINAL}</arg>
<arg>$17.27</arg>
<doc>Verifies that element ``locator`` contains text ``expected``.</doc>
<msg timestamp="20210928 16:44:30.390" level="INFO">Element 'css=#checkout_summary_container &gt; div &gt; div.summary_info &gt; div.summary_total_label' contains text '$17.27'.</msg>
<status status="PASS" starttime="20210928 16:44:30.370" endtime="20210928 16:44:30.390"/>
</kw>
<kw name="Click Element" library="SeleniumLibrary">
<arg>${FINISH}</arg>
<doc>Click the element identified by ``locator``.</doc>
<msg timestamp="20210928 16:44:30.391" level="INFO">Clicking element 'id=finish'.</msg>
<status status="PASS" starttime="20210928 16:44:30.391" endtime="20210928 16:44:30.434"/>
</kw>
<status status="PASS" starttime="20210928 16:44:30.369" endtime="20210928 16:44:30.436"/>
</kw>
<kw name="Verificar se a frase &quot;THANK YOU FOR YOUR ORDER&quot; está sendo exibidas">
<kw name="Element Should Contain" library="SeleniumLibrary">
<arg>${THAKYOU}</arg>
<arg>THANK YOU FOR YOUR ORDER</arg>
<doc>Verifies that element ``locator`` contains text ``expected``.</doc>
<msg timestamp="20210928 16:44:30.456" level="INFO">Element 'css=#checkout_complete_container &gt; h2' contains text 'THANK YOU FOR YOUR ORDER'.</msg>
<status status="PASS" starttime="20210928 16:44:30.436" endtime="20210928 16:44:30.457"/>
</kw>
<kw name="Capture Page Screenshot" library="SeleniumLibrary">
<doc>Takes a screenshot of the current page and embeds it into a log file.</doc>
<msg timestamp="20210928 16:44:30.589" level="INFO" html="true">&lt;/td&gt;&lt;/tr&gt;&lt;tr&gt;&lt;td colspan="3"&gt;&lt;a href="selenium-screenshot-2.png"&gt;&lt;img src="selenium-screenshot-2.png" width="800px"&gt;&lt;/a&gt;</msg>
<status status="PASS" starttime="20210928 16:44:30.457" endtime="20210928 16:44:30.589"/>
</kw>
<status status="PASS" starttime="20210928 16:44:30.436" endtime="20210928 16:44:30.589"/>
</kw>
<kw name="Close Browser" library="SeleniumLibrary" type="TEARDOWN">
<doc>Closes the current browser.</doc>
<status status="PASS" starttime="20210928 16:44:30.590" endtime="20210928 16:44:32.750"/>
</kw>
<status status="PASS" starttime="20210928 16:44:27.986" endtime="20210928 16:44:32.750"/>
</test>
<status status="PASS" starttime="20210928 16:44:27.848" endtime="20210928 16:44:32.752"/>
</suite>
<statistics>
<total>
<stat pass="1" fail="0" skip="0">All Tests</stat>
</total>
<tag>
</tag>
<suite>
<stat pass="1" fail="0" skip="0" id="s1" name="Teste">Teste</stat>
</suite>
</statistics>
<errors>
</errors>
</robot>
